{
  "stats": {
    "suites": 3,
    "tests": 17,
    "passes": 15,
    "pending": 0,
    "failures": 2,
    "testsRegistered": 17,
    "passPercent": 88.23529411764706,
    "pendingPercent": 0,
    "other": 0,
    "hasOther": false,
    "skipped": 0,
    "hasSkipped": false,
    "start": "2025-05-28T12:05:57.599Z",
    "end": "2025-05-28T12:07:32.105Z",
    "duration": 94506
  },
  "results": [
    {
      "uuid": "900b3737-fb97-4411-9960-a6a2a54d1c5e",
      "title": "",
      "fullFile": "cypress\\e2e\\Aluno.cy.js",
      "file": "cypress\\e2e\\Aluno.cy.js",
      "beforeHooks": [],
      "afterHooks": [],
      "tests": [],
      "suites": [
        {
          "uuid": "57fa7ddc-d0d5-46cf-8ddb-dee48ea456e8",
          "title": "Aluno",
          "fullFile": "",
          "file": "",
          "beforeHooks": [],
          "afterHooks": [],
          "tests": [
            {
              "title": "1. Exibir projetos",
              "fullTitle": "Aluno 1. Exibir projetos",
              "timedOut": null,
              "duration": 5632,
              "state": "passed",
              "speed": "medium",
              "pass": true,
              "fail": false,
              "pending": false,
              "context": null,
              "code": "cy.visit('https://confianopai.com/');\ncy.get('.sc-csKJxZ').click();\ncy.get('.sc-eXzmLu').click(); // as vezes ele redireciona para a pagina de not found\ncy.get(':nth-child(2) > .sc-ktwOfi').type(\"teste.aluno@ges.inatel.br\");\ncy.get(':nth-child(3) > .sc-ktwOfi').type(\"123\");\ncy.get('.sc-csKJxZ').click();\ncy.get('[href=\"/aluno/projetos/25\"]').click();\ncy.get('.sc-ihZFQb > img').click();",
              "err": {},
              "uuid": "c78a0360-e6ad-4e7d-87fe-e50c75efcdd7",
              "parentUUID": "57fa7ddc-d0d5-46cf-8ddb-dee48ea456e8",
              "isHook": false,
              "skipped": false
            },
            {
              "title": "2. Criação de aluno com sucesso",
              "fullTitle": "Aluno 2. Criação de aluno com sucesso",
              "timedOut": null,
              "duration": 3078,
              "state": "passed",
              "speed": "fast",
              "pass": true,
              "fail": false,
              "pending": false,
              "context": null,
              "code": "const {\n  id,\n  password,\n  email\n} = createAluno();\ncy.get('[href=\"/adm/novo-usuario\"]').click();\ncy.get('.sc-dsAqUS').select('Aluno');\ncy.get(':nth-child(1) > .sc-bqOYya > .sc-gHjVMF').type(id);\ncy.get(':nth-child(2) > .sc-bqOYya > .sc-gHjVMF').type(email);\ncy.get(':nth-child(3) > .sc-bqOYya > .sc-gHjVMF').type(password);\ncy.get(':nth-child(4) > .sc-irLvIq > .sc-csKJxZ').click();\ncy.get('.Toastify__toast-body > :nth-child(2)').should('contain.text', 'Usuário criado com sucesso!');",
              "err": {},
              "uuid": "8a0d37cf-71f6-479f-a7f7-bb8ab64a7108",
              "parentUUID": "57fa7ddc-d0d5-46cf-8ddb-dee48ea456e8",
              "isHook": false,
              "skipped": false
            },
            {
              "title": "3. Criação de aluno com falha",
              "fullTitle": "Aluno 3. Criação de aluno com falha",
              "timedOut": null,
              "duration": 2186,
              "state": "passed",
              "speed": "fast",
              "pass": true,
              "fail": false,
              "pending": false,
              "context": null,
              "code": "const {\n  id,\n  password,\n  email\n} = alunoData;\ncy.get('[href=\"/adm/novo-usuario\"]').click();\ncy.get('.sc-dsAqUS').select('Aluno');\ncy.get(':nth-child(1) > .sc-bqOYya > .sc-gHjVMF').type(id);\ncy.get(':nth-child(2) > .sc-bqOYya > .sc-gHjVMF').type(email);\ncy.get(':nth-child(4) > .sc-irLvIq > .sc-csKJxZ').click();",
              "err": {},
              "uuid": "8c5d7b0d-b41c-4e0b-88bb-65ccf6899359",
              "parentUUID": "57fa7ddc-d0d5-46cf-8ddb-dee48ea456e8",
              "isHook": false,
              "skipped": false
            },
            {
              "title": "4. Login do aluno com sucesso",
              "fullTitle": "Aluno 4. Login do aluno com sucesso",
              "timedOut": null,
              "duration": 3443,
              "state": "passed",
              "speed": "fast",
              "pass": true,
              "fail": false,
              "pending": false,
              "context": null,
              "code": "cy.visit('https://confianopai.com/');\ncy.get('.sc-csKJxZ').click(); //logout\n//cy.get('.sc-eXzmLu').click() // as vezes ele redireciona para a pagina de not found\ncy.get(':nth-child(2) > .sc-ktwOfi').should('be.visible').type(alunoData.email);\ncy.get(':nth-child(3) > .sc-ktwOfi').should('be.visible').type(alunoData.password);\ncy.get('.sc-csKJxZ').click();",
              "err": {},
              "uuid": "b6d9b877-225a-4ba8-b1f1-ff45af8c99ce",
              "parentUUID": "57fa7ddc-d0d5-46cf-8ddb-dee48ea456e8",
              "isHook": false,
              "skipped": false
            },
            {
              "title": "5. Login do aluno com falha (senha incorreta)",
              "fullTitle": "Aluno 5. Login do aluno com falha (senha incorreta)",
              "timedOut": null,
              "duration": 3565,
              "state": "passed",
              "speed": "fast",
              "pass": true,
              "fail": false,
              "pending": false,
              "context": null,
              "code": "cy.visit('https://confianopai.com/');\ncy.get('.sc-csKJxZ').click(); //logout\ncy.get('.sc-eXzmLu').click(); // as vezes ele redireciona para a pagina de not found\ncy.get(':nth-child(2) > .sc-ktwOfi').type(\"teste.aluno@ges.inatel.br\");\ncy.get(':nth-child(3) > .sc-ktwOfi').type(\"1234\");\ncy.get('.sc-csKJxZ').click();",
              "err": {},
              "uuid": "884692a9-9a77-49f7-8a5c-871e3dc1718b",
              "parentUUID": "57fa7ddc-d0d5-46cf-8ddb-dee48ea456e8",
              "isHook": false,
              "skipped": false
            },
            {
              "title": "6. adicionar aluno a um projeto",
              "fullTitle": "Aluno 6. adicionar aluno a um projeto",
              "timedOut": null,
              "duration": 4396,
              "state": "passed",
              "speed": "fast",
              "pass": true,
              "fail": false,
              "pending": false,
              "context": null,
              "code": "const {\n  email\n} = alunoData;\ncy.visit('https://confianopai.com/');\ncy.get('[href=\"/adm/projetos/25\"] > .sc-eAKtBH').click();\ncy.get('.sc-cPtzlb > .sc-irLvIq > .sc-csKJxZ').click();\ncy.get('.sc-ppzwM').type(\"teste.aluno@ges.inatel.br\");\ncy.get('.iTLMzn > .sc-csKJxZ').click();\ncy.get('.Toastify__toast-body > :nth-child(2)').should('contain.text', 'Projeto atualizado com sucesso');",
              "err": {},
              "uuid": "c8717945-6e0a-4c2a-9e18-24a7a17ef5bc",
              "parentUUID": "57fa7ddc-d0d5-46cf-8ddb-dee48ea456e8",
              "isHook": false,
              "skipped": false
            }
          ],
          "suites": [],
          "passes": [
            "c78a0360-e6ad-4e7d-87fe-e50c75efcdd7",
            "8a0d37cf-71f6-479f-a7f7-bb8ab64a7108",
            "8c5d7b0d-b41c-4e0b-88bb-65ccf6899359",
            "b6d9b877-225a-4ba8-b1f1-ff45af8c99ce",
            "884692a9-9a77-49f7-8a5c-871e3dc1718b",
            "c8717945-6e0a-4c2a-9e18-24a7a17ef5bc"
          ],
          "failures": [],
          "pending": [],
          "skipped": [],
          "duration": 22300,
          "root": false,
          "rootEmpty": false,
          "_timeout": 2000
        }
      ],
      "passes": [],
      "failures": [],
      "pending": [],
      "skipped": [],
      "duration": 0,
      "root": true,
      "rootEmpty": true,
      "_timeout": 2000
    },
    {
      "uuid": "6f4ecb0b-33e1-4c04-8ee3-bfda12cb4b33",
      "title": "",
      "fullFile": "cypress\\e2e\\Projetos.cy.js",
      "file": "cypress\\e2e\\Projetos.cy.js",
      "beforeHooks": [],
      "afterHooks": [],
      "tests": [],
      "suites": [
        {
          "uuid": "f2690f55-407e-468c-a5ee-ca3e4acf9796",
          "title": "Testes de Gestão de Projetos",
          "fullFile": "",
          "file": "",
          "beforeHooks": [],
          "afterHooks": [],
          "tests": [
            {
              "title": "1. Deve criar um novo projeto com sucesso",
              "fullTitle": "Testes de Gestão de Projetos 1. Deve criar um novo projeto com sucesso",
              "timedOut": null,
              "duration": 4899,
              "state": "passed",
              "speed": "fast",
              "pass": true,
              "fail": false,
              "pending": false,
              "context": null,
              "code": "const testData = generateTestData();\ncy.visit(\"https://confianopai.com/adm/projetos\");\ncy.get(\".sc-jdHILj\").click();\ncy.get('[href=\"/adm/add-projeto/cadastro\"]').click();\ncy.get(\".sc-fYrVWQ > .sc-hsaIUA\").type(testData.projectName);\ncy.get(\":nth-child(2) > :nth-child(2) > .sc-hsaIUA\").type(\"ppppp@gmail.com\");\ncy.get(\":nth-child(6) > :nth-child(2) > .sc-hsaIUA\").type(\"felipeb@inatel.br\");\ncy.get(\":nth-child(1) > .sc-bZTyFN > .sc-hlqirL\").select(\"Com pendência\");\ncy.get(\":nth-child(2) > .sc-bZTyFN > .sc-hlqirL\").select(\"Outro\");\ncy.get(\".sc-eGgGjL > :nth-child(1)\").click();\ncy.get(\".Toastify__toast-body > :nth-child(2)\").should(\"contain\", \"Equipe criada com sucesso\");",
              "err": {},
              "uuid": "9f1660bf-96b7-4c65-bc57-86cd2793f242",
              "parentUUID": "f2690f55-407e-468c-a5ee-ca3e4acf9796",
              "isHook": false,
              "skipped": false
            },
            {
              "title": "2. Deve falhar ao criar projeto sem nome (teste negativo)",
              "fullTitle": "Testes de Gestão de Projetos 2. Deve falhar ao criar projeto sem nome (teste negativo)",
              "timedOut": null,
              "duration": 4156,
              "state": "passed",
              "speed": "fast",
              "pass": true,
              "fail": false,
              "pending": false,
              "context": null,
              "code": "cy.visit(\"https://confianopai.com/adm/projetos\");\ncy.get(\".sc-jdHILj\").click();\ncy.get('[href=\"/adm/add-projeto/cadastro\"]').click();\ncy.get(\":nth-child(2) > :nth-child(2) > .sc-hsaIUA\").type(\"ppppp@gmail.com\");\ncy.get(\":nth-child(6) > :nth-child(2) > .sc-hsaIUA\").type(\"felipeb@inatel.br\");\ncy.get(\":nth-child(1) > .sc-bZTyFN > .sc-hlqirL\").select(\"Com pendência\");\ncy.get(\":nth-child(2) > .sc-bZTyFN > .sc-hlqirL\").select(\"Outro\");\ncy.get(\".sc-eGgGjL > :nth-child(1)\").click();\ncy.get(\".Toastify__toast-body > :nth-child(2)\").should(\"contain\", \"Por favor, adicione o nome do projeto\");",
              "err": {},
              "uuid": "8b0842a9-5374-41da-88cc-52692a5b357f",
              "parentUUID": "f2690f55-407e-468c-a5ee-ca3e4acf9796",
              "isHook": false,
              "skipped": false
            },
            {
              "title": "3. Deve alterar a paralela do projeto",
              "fullTitle": "Testes de Gestão de Projetos 3. Deve alterar a paralela do projeto",
              "timedOut": null,
              "duration": 6986,
              "state": "passed",
              "speed": "medium",
              "pass": true,
              "fail": false,
              "pending": false,
              "context": null,
              "code": "const testData = generateTestData();\ncriarProjetoTeste(testData.projectName, testData.projectMember);\ncy.visit(\"https://confianopai.com/adm/projetos\");\ncy.get(\".sc-ckdEwu\").type(testData.projectName);\ncy.get(\".sc-kMzELR\").contains(testData.projectName).click();\ncy.get(\".sc-gUjWJS > .sc-kiTBBF\").click();\ncy.get(\":nth-child(2) > .sc-ldgOGP\").select(\"Projeto Internacional\");\ncy.get(\".sc-hiTDLB\").click();\ncy.get(\".iTLMzn > .sc-csKJxZ\").click();\ncy.get(\".Toastify__toast-body > :nth-child(2)\").should(\"contain\", \"Projeto atualizado com sucesso!\");",
              "err": {},
              "uuid": "f6063fc7-81fb-4235-b314-1018bd70426a",
              "parentUUID": "f2690f55-407e-468c-a5ee-ca3e4acf9796",
              "isHook": false,
              "skipped": false
            },
            {
              "title": "4. Deve falhar ao adicionar membro com email inválido (teste negativo)",
              "fullTitle": "Testes de Gestão de Projetos 4. Deve falhar ao adicionar membro com email inválido (teste negativo)",
              "timedOut": null,
              "duration": 7110,
              "state": "passed",
              "speed": "medium",
              "pass": true,
              "fail": false,
              "pending": false,
              "context": null,
              "code": "const testData = generateTestData();\ncriarProjetoTeste(testData.projectName, testData.projectMember);\ncy.visit(\"https://confianopai.com/adm/projetos\");\ncy.get(\".sc-ckdEwu\").type(testData.projectName);\ncy.get(\".sc-kMzELR\").contains(testData.projectName).click();\ncy.get(\".sc-cPtzlb > .sc-irLvIq > .sc-csKJxZ\").click();\ncy.get(\".sc-ppzwM\").type(\"pppppp@gmail.com\");\ncy.get(\".sc-hiTDLB\").click();\ncy.get(\".iTLMzn > .sc-csKJxZ\").click();\ncy.get(\".Toastify__toast-body > :nth-child(2)\").should(\"contain.text\", \"Aluno não cadastrado:\");",
              "err": {},
              "uuid": "0f40a126-1052-4ae9-81c2-84211d3fb23a",
              "parentUUID": "f2690f55-407e-468c-a5ee-ca3e4acf9796",
              "isHook": false,
              "skipped": false
            },
            {
              "title": "5. Deve alterar o status do projeto",
              "fullTitle": "Testes de Gestão de Projetos 5. Deve alterar o status do projeto",
              "timedOut": null,
              "duration": 10188,
              "state": "failed",
              "speed": null,
              "pass": false,
              "fail": true,
              "pending": false,
              "context": null,
              "code": "const testData = generateTestData();\ncriarProjetoTeste(testData.projectName, testData.projectMember);\ncy.visit(\"https://confianopai.com/adm/projetos\");\ncy.get(\".sc-ckdEwu\").type(testData.projectName);\ncy.get(\".sc-kMzELR\").contains(testData.projectName).click();\ncy.get(\".sc-gUjWJS > .sc-kiTBBF\").click();\ncy.get(\":nth-child(1) > .sc-ldgOGP\").select(\"Sem pendências\");\ncy.get(\".sc-hiTDLB\").click();\ncy.get(\".iTLMzn > .sc-csKJxZ\").click();\ncy.get(\".Toastify__toast-body > :nth-child(2)\").should(\"contain\", \"Projeto atualizado com sucesso!\");",
              "err": {
                "message": "AssertionError: Timed out retrying after 4000ms: expected '<div>' to contain 'Projeto atualizado com sucesso!'",
                "estack": "AssertionError: Timed out retrying after 4000ms: expected '<div>' to contain 'Projeto atualizado com sucesso!'\n    at Context.eval (webpack:///./cypress/e2e/Projetos.cy.js:112:52)",
                "diff": null
              },
              "uuid": "6f797b59-213e-4b9d-aa76-dd4cc617969c",
              "parentUUID": "f2690f55-407e-468c-a5ee-ca3e4acf9796",
              "isHook": false,
              "skipped": false
            },
            {
              "title": "6. Deve apagar time cadastrado",
              "fullTitle": "Testes de Gestão de Projetos 6. Deve apagar time cadastrado",
              "timedOut": null,
              "duration": 10937,
              "state": "failed",
              "speed": null,
              "pass": false,
              "fail": true,
              "pending": false,
              "context": null,
              "code": "const testData = generateTestData();\ncriarProjetoTeste(testData.projectName, testData.projectMember);\ncy.visit(\"https://confianopai.com/adm/projetos\");\ncy.get(\".sc-ckdEwu\").type(testData.projectName);\ncy.get(\".sc-kMzELR\").contains(testData.projectName).click();\ncy.get('.sc-iCKXBC > [viewBox=\"0 0 448 512\"]').click();\ncy.get(\".sc-cZpZpK > :nth-child(1)\").click();\ncy.get(\".Toastify__toast-body > :nth-child(2)\").should(\"contain\", \"Time deletado com sucesso!\");\ncy.get(\".sc-ckdEwu\").type(testData.projectName);\ncy.get(\".sc-kMzELR\").should(\"not.exist\");",
              "err": {
                "message": "AssertionError: Timed out retrying after 4000ms: Expected to find element: `.Toastify__toast-body > :nth-child(2)`, but never found it.",
                "estack": "AssertionError: Timed out retrying after 4000ms: Expected to find element: `.Toastify__toast-body > :nth-child(2)`, but never found it.\n    at Context.eval (webpack:///./cypress/e2e/Projetos.cy.js:128:52)",
                "diff": null
              },
              "uuid": "644d2154-5624-469e-89e6-9e481e9af9b6",
              "parentUUID": "f2690f55-407e-468c-a5ee-ca3e4acf9796",
              "isHook": false,
              "skipped": false
            }
          ],
          "suites": [],
          "passes": [
            "9f1660bf-96b7-4c65-bc57-86cd2793f242",
            "8b0842a9-5374-41da-88cc-52692a5b357f",
            "f6063fc7-81fb-4235-b314-1018bd70426a",
            "0f40a126-1052-4ae9-81c2-84211d3fb23a"
          ],
          "failures": [
            "6f797b59-213e-4b9d-aa76-dd4cc617969c",
            "644d2154-5624-469e-89e6-9e481e9af9b6"
          ],
          "pending": [],
          "skipped": [],
          "duration": 44276,
          "root": false,
          "rootEmpty": false,
          "_timeout": 2000
        }
      ],
      "passes": [],
      "failures": [],
      "pending": [],
      "skipped": [],
      "duration": 0,
      "root": true,
      "rootEmpty": true,
      "_timeout": 2000
    },
    {
      "uuid": "8e73e8ea-ea00-4e98-a360-bc250e214608",
      "title": "",
      "fullFile": "cypress\\e2e\\orientador.cy.js",
      "file": "cypress\\e2e\\orientador.cy.js",
      "beforeHooks": [],
      "afterHooks": [],
      "tests": [],
      "suites": [
        {
          "uuid": "2e41b353-8220-4189-a0d0-8ddf8dace6f9",
          "title": "Orientador",
          "fullFile": "",
          "file": "",
          "beforeHooks": [],
          "afterHooks": [],
          "tests": [
            {
              "title": "should create Orientador",
              "fullTitle": "Orientador should create Orientador",
              "timedOut": null,
              "duration": 4452,
              "state": "passed",
              "speed": "fast",
              "pass": true,
              "fail": false,
              "pending": false,
              "context": null,
              "code": "const {\n  id,\n  password,\n  email\n} = orientadorData;\ncy.get('[href=\"/adm/novo-usuario\"]').click();\ncy.get('.sc-dsAqUS').select('Orientador');\ncy.get(':nth-child(1) > .sc-bqOYya > .sc-gHjVMF').type(id);\ncy.get(':nth-child(2) > .sc-bqOYya > .sc-gHjVMF').type(email);\ncy.get(':nth-child(3) > .sc-bqOYya > .sc-gHjVMF').type(password);\ncy.get(':nth-child(4) > .sc-irLvIq > .sc-csKJxZ').click();\ncy.get('.Toastify__toast-body > :nth-child(2)').should('contain.text', 'Usuário criado com sucesso!');",
              "err": {},
              "uuid": "999f2cbe-1531-48e5-90e9-2f5f823f1ac5",
              "parentUUID": "2e41b353-8220-4189-a0d0-8ddf8dace6f9",
              "isHook": false,
              "skipped": false
            },
            {
              "title": "should NOT create Orientador if username and email is the same",
              "fullTitle": "Orientador should NOT create Orientador if username and email is the same",
              "timedOut": null,
              "duration": 2770,
              "state": "passed",
              "speed": "fast",
              "pass": true,
              "fail": false,
              "pending": false,
              "context": null,
              "code": "const {\n  id,\n  password,\n  email\n} = orientadorData;\ncy.get('[href=\"/adm/novo-usuario\"]').click();\ncy.get('.sc-dsAqUS').select('Orientador');\ncy.get(':nth-child(1) > .sc-bqOYya > .sc-gHjVMF').type(id);\ncy.get(':nth-child(2) > .sc-bqOYya > .sc-gHjVMF').type(email);\ncy.get(':nth-child(3) > .sc-bqOYya > .sc-gHjVMF').type(password);\ncy.get(':nth-child(4) > .sc-irLvIq > .sc-csKJxZ').click();\ncy.get('.Toastify__toast-body > :nth-child(2)').should('contain.text', 'Falha ao criar usuário.');",
              "err": {},
              "uuid": "e054ed60-eb6d-4a71-8012-69d4053124b7",
              "parentUUID": "2e41b353-8220-4189-a0d0-8ddf8dace6f9",
              "isHook": false,
              "skipped": false
            },
            {
              "title": "should insert orientador into team",
              "fullTitle": "Orientador should insert orientador into team",
              "timedOut": null,
              "duration": 3816,
              "state": "passed",
              "speed": "fast",
              "pass": true,
              "fail": false,
              "pending": false,
              "context": null,
              "code": "const {\n  email\n} = orientadorData;\ncy.get('.sc-jdHILj').click();\ncy.get('[href=\"/adm/add-projeto/cadastro\"]').click();\ncy.get('.sc-fYrVWQ > .sc-hsaIUA').type(nomeProjetoTeste);\ncy.get(':nth-child(2) > :nth-child(2) > .sc-hsaIUA').type('userprojeto2030767@gmail.com');\ncy.get(':nth-child(6) > :nth-child(2) > .sc-hsaIUA').type(email);\ncy.get(':nth-child(1) > .sc-bZTyFN > .sc-hlqirL').select('Sem pendências');\ncy.get(':nth-child(2) > .sc-bZTyFN > .sc-hlqirL').select('Projeto Internacional');\ncy.get('.sc-eGgGjL > :nth-child(1)').click();\ncy.get('.Toastify__toast-body > :nth-child(2)').should('contain.text', 'Equipe criada com sucesso!');",
              "err": {},
              "uuid": "d7768d67-1a41-4143-a61d-d81c0ebb8f3d",
              "parentUUID": "2e41b353-8220-4189-a0d0-8ddf8dace6f9",
              "isHook": false,
              "skipped": false
            },
            {
              "title": "should NOT insert invalid orientador into team",
              "fullTitle": "Orientador should NOT insert invalid orientador into team",
              "timedOut": null,
              "duration": 3686,
              "state": "passed",
              "speed": "fast",
              "pass": true,
              "fail": false,
              "pending": false,
              "context": null,
              "code": "const {\n  email\n} = orientadorData;\ncy.get('.sc-jdHILj').click();\ncy.get('[href=\"/adm/add-projeto/cadastro\"]').click();\ncy.get('.sc-fYrVWQ > .sc-hsaIUA').type(nomeProjetoTeste);\ncy.get(':nth-child(2) > :nth-child(2) > .sc-hsaIUA').type('userprojeto2030767@gmail.com');\ncy.get(':nth-child(6) > :nth-child(2) > .sc-hsaIUA').type(`${email}1`);\ncy.get(':nth-child(1) > .sc-bZTyFN > .sc-hlqirL').select('Sem pendências');\ncy.get(':nth-child(2) > .sc-bZTyFN > .sc-hlqirL').select('Projeto Internacional');\ncy.get('.sc-eGgGjL > :nth-child(1)').click();\ncy.get('#\\x32  > .Toastify__toast-body > :nth-child(2)').should('contain.text', 'Erro ao criar equipe: Error: Orientador não está cadastrado');",
              "err": {},
              "uuid": "b6fde4e1-59f4-4941-ac55-9fdb1d02449b",
              "parentUUID": "2e41b353-8220-4189-a0d0-8ddf8dace6f9",
              "isHook": false,
              "skipped": false
            },
            {
              "title": "should have new project on project list",
              "fullTitle": "Orientador should have new project on project list",
              "timedOut": null,
              "duration": 1717,
              "state": "passed",
              "speed": "fast",
              "pass": true,
              "fail": false,
              "pending": false,
              "context": null,
              "code": "const {\n  email\n} = orientadorData;\ncy.get('.sc-ckdEwu').type(nomeProjetoTeste);\ncy.get('.sc-eAKtBH > svg').click();\ncy.get(':nth-child(3) > :nth-child(2)').should('contain.text', email);",
              "err": {},
              "uuid": "4d01a1fe-90b7-4caf-9de7-4f6c76d20b51",
              "parentUUID": "2e41b353-8220-4189-a0d0-8ddf8dace6f9",
              "isHook": false,
              "skipped": false
            }
          ],
          "suites": [],
          "passes": [
            "999f2cbe-1531-48e5-90e9-2f5f823f1ac5",
            "e054ed60-eb6d-4a71-8012-69d4053124b7",
            "d7768d67-1a41-4143-a61d-d81c0ebb8f3d",
            "b6fde4e1-59f4-4941-ac55-9fdb1d02449b",
            "4d01a1fe-90b7-4caf-9de7-4f6c76d20b51"
          ],
          "failures": [],
          "pending": [],
          "skipped": [],
          "duration": 16441,
          "root": false,
          "rootEmpty": false,
          "_timeout": 2000
        }
      ],
      "passes": [],
      "failures": [],
      "pending": [],
      "skipped": [],
      "duration": 0,
      "root": true,
      "rootEmpty": true,
      "_timeout": 2000
    }
  ],
  "meta": {
    "mocha": {
      "version": "7.2.0"
    },
    "mochawesome": {
      "options": {
        "quiet": false,
        "reportFilename": "mochawesome",
        "saveHtml": false,
        "saveJson": true,
        "consoleReporter": "spec",
        "useInlineDiffs": false,
        "code": true
      },
      "version": "7.1.3"
    },
    "marge": {
      "options": {
        "reportDir": "cypress/reports/mochawesome",
        "overwrite": false,
        "html": false,
        "json": true
      },
      "version": "6.2.0"
    }
  }
}