{
  "stats": {
    "suites": 1,
    "tests": 6,
    "passes": 6,
    "pending": 0,
    "failures": 0,
    "start": "2025-05-28T12:05:57.599Z",
    "end": "2025-05-28T12:06:21.925Z",
    "duration": 24326,
    "testsRegistered": 6,
    "passPercent": 100,
    "pendingPercent": 0,
    "other": 0,
    "hasOther": false,
    "skipped": 0,
    "hasSkipped": false
  },
  "results": [
    {
      "uuid": "900b3737-fb97-4411-9960-a6a2a54d1c5e",
      "title": "",
      "fullFile": "cypress\\e2e\\Aluno.cy.js",
      "file": "cypress\\e2e\\Aluno.cy.js",
      "beforeHooks": [],
      "afterHooks": [],
      "tests": [],
      "suites": [
        {
          "uuid": "57fa7ddc-d0d5-46cf-8ddb-dee48ea456e8",
          "title": "Aluno",
          "fullFile": "",
          "file": "",
          "beforeHooks": [],
          "afterHooks": [],
          "tests": [
            {
              "title": "1. Exibir projetos",
              "fullTitle": "Aluno 1. Exibir projetos",
              "timedOut": null,
              "duration": 5632,
              "state": "passed",
              "speed": "medium",
              "pass": true,
              "fail": false,
              "pending": false,
              "context": null,
              "code": "cy.visit('https://confianopai.com/');\ncy.get('.sc-csKJxZ').click();\ncy.get('.sc-eXzmLu').click(); // as vezes ele redireciona para a pagina de not found\ncy.get(':nth-child(2) > .sc-ktwOfi').type(\"teste.aluno@ges.inatel.br\");\ncy.get(':nth-child(3) > .sc-ktwOfi').type(\"123\");\ncy.get('.sc-csKJxZ').click();\ncy.get('[href=\"/aluno/projetos/25\"]').click();\ncy.get('.sc-ihZFQb > img').click();",
              "err": {},
              "uuid": "c78a0360-e6ad-4e7d-87fe-e50c75efcdd7",
              "parentUUID": "57fa7ddc-d0d5-46cf-8ddb-dee48ea456e8",
              "isHook": false,
              "skipped": false
            },
            {
              "title": "2. Criação de aluno com sucesso",
              "fullTitle": "Aluno 2. Criação de aluno com sucesso",
              "timedOut": null,
              "duration": 3078,
              "state": "passed",
              "speed": "fast",
              "pass": true,
              "fail": false,
              "pending": false,
              "context": null,
              "code": "const {\n  id,\n  password,\n  email\n} = createAluno();\ncy.get('[href=\"/adm/novo-usuario\"]').click();\ncy.get('.sc-dsAqUS').select('Aluno');\ncy.get(':nth-child(1) > .sc-bqOYya > .sc-gHjVMF').type(id);\ncy.get(':nth-child(2) > .sc-bqOYya > .sc-gHjVMF').type(email);\ncy.get(':nth-child(3) > .sc-bqOYya > .sc-gHjVMF').type(password);\ncy.get(':nth-child(4) > .sc-irLvIq > .sc-csKJxZ').click();\ncy.get('.Toastify__toast-body > :nth-child(2)').should('contain.text', 'Usuário criado com sucesso!');",
              "err": {},
              "uuid": "8a0d37cf-71f6-479f-a7f7-bb8ab64a7108",
              "parentUUID": "57fa7ddc-d0d5-46cf-8ddb-dee48ea456e8",
              "isHook": false,
              "skipped": false
            },
            {
              "title": "3. Criação de aluno com falha",
              "fullTitle": "Aluno 3. Criação de aluno com falha",
              "timedOut": null,
              "duration": 2186,
              "state": "passed",
              "speed": "fast",
              "pass": true,
              "fail": false,
              "pending": false,
              "context": null,
              "code": "const {\n  id,\n  password,\n  email\n} = alunoData;\ncy.get('[href=\"/adm/novo-usuario\"]').click();\ncy.get('.sc-dsAqUS').select('Aluno');\ncy.get(':nth-child(1) > .sc-bqOYya > .sc-gHjVMF').type(id);\ncy.get(':nth-child(2) > .sc-bqOYya > .sc-gHjVMF').type(email);\ncy.get(':nth-child(4) > .sc-irLvIq > .sc-csKJxZ').click();",
              "err": {},
              "uuid": "8c5d7b0d-b41c-4e0b-88bb-65ccf6899359",
              "parentUUID": "57fa7ddc-d0d5-46cf-8ddb-dee48ea456e8",
              "isHook": false,
              "skipped": false
            },
            {
              "title": "4. Login do aluno com sucesso",
              "fullTitle": "Aluno 4. Login do aluno com sucesso",
              "timedOut": null,
              "duration": 3443,
              "state": "passed",
              "speed": "fast",
              "pass": true,
              "fail": false,
              "pending": false,
              "context": null,
              "code": "cy.visit('https://confianopai.com/');\ncy.get('.sc-csKJxZ').click(); //logout\n//cy.get('.sc-eXzmLu').click() // as vezes ele redireciona para a pagina de not found\ncy.get(':nth-child(2) > .sc-ktwOfi').should('be.visible').type(alunoData.email);\ncy.get(':nth-child(3) > .sc-ktwOfi').should('be.visible').type(alunoData.password);\ncy.get('.sc-csKJxZ').click();",
              "err": {},
              "uuid": "b6d9b877-225a-4ba8-b1f1-ff45af8c99ce",
              "parentUUID": "57fa7ddc-d0d5-46cf-8ddb-dee48ea456e8",
              "isHook": false,
              "skipped": false
            },
            {
              "title": "5. Login do aluno com falha (senha incorreta)",
              "fullTitle": "Aluno 5. Login do aluno com falha (senha incorreta)",
              "timedOut": null,
              "duration": 3565,
              "state": "passed",
              "speed": "fast",
              "pass": true,
              "fail": false,
              "pending": false,
              "context": null,
              "code": "cy.visit('https://confianopai.com/');\ncy.get('.sc-csKJxZ').click(); //logout\ncy.get('.sc-eXzmLu').click(); // as vezes ele redireciona para a pagina de not found\ncy.get(':nth-child(2) > .sc-ktwOfi').type(\"teste.aluno@ges.inatel.br\");\ncy.get(':nth-child(3) > .sc-ktwOfi').type(\"1234\");\ncy.get('.sc-csKJxZ').click();",
              "err": {},
              "uuid": "884692a9-9a77-49f7-8a5c-871e3dc1718b",
              "parentUUID": "57fa7ddc-d0d5-46cf-8ddb-dee48ea456e8",
              "isHook": false,
              "skipped": false
            },
            {
              "title": "6. adicionar aluno a um projeto",
              "fullTitle": "Aluno 6. adicionar aluno a um projeto",
              "timedOut": null,
              "duration": 4396,
              "state": "passed",
              "speed": "fast",
              "pass": true,
              "fail": false,
              "pending": false,
              "context": null,
              "code": "const {\n  email\n} = alunoData;\ncy.visit('https://confianopai.com/');\ncy.get('[href=\"/adm/projetos/25\"] > .sc-eAKtBH').click();\ncy.get('.sc-cPtzlb > .sc-irLvIq > .sc-csKJxZ').click();\ncy.get('.sc-ppzwM').type(\"teste.aluno@ges.inatel.br\");\ncy.get('.iTLMzn > .sc-csKJxZ').click();\ncy.get('.Toastify__toast-body > :nth-child(2)').should('contain.text', 'Projeto atualizado com sucesso');",
              "err": {},
              "uuid": "c8717945-6e0a-4c2a-9e18-24a7a17ef5bc",
              "parentUUID": "57fa7ddc-d0d5-46cf-8ddb-dee48ea456e8",
              "isHook": false,
              "skipped": false
            }
          ],
          "suites": [],
          "passes": [
            "c78a0360-e6ad-4e7d-87fe-e50c75efcdd7",
            "8a0d37cf-71f6-479f-a7f7-bb8ab64a7108",
            "8c5d7b0d-b41c-4e0b-88bb-65ccf6899359",
            "b6d9b877-225a-4ba8-b1f1-ff45af8c99ce",
            "884692a9-9a77-49f7-8a5c-871e3dc1718b",
            "c8717945-6e0a-4c2a-9e18-24a7a17ef5bc"
          ],
          "failures": [],
          "pending": [],
          "skipped": [],
          "duration": 22300,
          "root": false,
          "rootEmpty": false,
          "_timeout": 2000
        }
      ],
      "passes": [],
      "failures": [],
      "pending": [],
      "skipped": [],
      "duration": 0,
      "root": true,
      "rootEmpty": true,
      "_timeout": 2000
    }
  ],
  "meta": {
    "mocha": {
      "version": "7.2.0"
    },
    "mochawesome": {
      "options": {
        "quiet": false,
        "reportFilename": "mochawesome",
        "saveHtml": false,
        "saveJson": true,
        "consoleReporter": "spec",
        "useInlineDiffs": false,
        "code": true
      },
      "version": "7.1.3"
    },
    "marge": {
      "options": {
        "reportDir": "cypress/reports/mochawesome",
        "overwrite": false,
        "html": false,
        "json": true
      },
      "version": "6.2.0"
    }
  }
}